<?xml version="1.0" encoding="UTF-8"?>
<!-- Generated by org.testng.reporters.JUnitReportReporter -->
<testsuite skipped="0" hostname="ArchanaVeeru-PC" name="com.qa.amazon.TestPages.LoginTest" tests="2" failures="0" timestamp="2020-06-02T14:21:59 PDT" time="85.099" errors="0">
  <testcase name="verifyLoginTitleTest" time="23.224" classname="com.qa.amazon.TestPages.LoginTest"/>
  <system-out/>
  <testcase name="loginToHome" time="61.875" classname="com.qa.amazon.TestPages.LoginTest"/>
  <system-out/>
</testsuite> <!-- com.qa.amazon.TestPages.LoginTest -->
